<?xml version="1.0" encoding="UTF-8"?>
<!-- Generated by org.testng.reporters.JUnitReportReporter -->
<testsuite hostname="DESKTOP-689CA9G" name="MyMaven.MyMaven.AppTest" tests="1" failures="0" timestamp="30 Mar 2019 13:38:33 GMT" time="0.001" errors="0">
  <testcase name="testApp" time="0.001" classname="MyMaven.MyMaven.AppTest"/>
</testsuite> <!-- MyMaven.MyMaven.AppTest -->
